This is pdfTeX, Version 3.14159265-2.6-1.40.20 (TeX Live 2019) (preloaded format=latex 2019.5.8)  23 MAY 2023 09:54
entering extended mode
 restricted \write18 enabled.
 %&-line parsing enabled.
**\makeatletter\def\HCode{\futurelet\HCode\HChar}\def\HChar{\ifx"\HCode\def\HCo
de"##1"{\Link##1}\expandafter\HCode\else\expandafter\Link\fi}\def\Link#1.a.b.c.
{\g@addto@macro\@documentclasshook{\RequirePackage[#1,html]{tex4ht}}\let\HCode\
documentstyle\def\documentstyle{\let\documentstyle\HCode\expandafter\def\csname
 tex4ht\endcsname{#1,html}\def\HCode####1{\documentstyle[tex4ht,}\@ifnextchar[{
\HCode}{\documentstyle[tex4ht]}}}\makeatother\HCode .a.b.c.\input

*X
! I can't find file `X'.
<*> X
     
(Press Enter to retry, or Control-D to exit)
Please type another input file name: 
! Emergency stop.
<*> X
     
End of file on the terminal!

 
Here is how much of TeX's memory you used:
 6 strings out of 492617
 110 string characters out of 6129508
 57270 words of memory out of 5000000
 4028 multiletter control sequences out of 15000+600000
 3640 words of font info for 14 fonts, out of 8000000 for 9000
 1141 hyphenation exceptions out of 8191
 4i,0n,3p,3b,8s stack positions out of 5000i,500n,10000p,200000b,80000s
No pages of output.
